# JRE version: OpenJDK Runtime Environment (8.0_242-b01) (build 1.8.0_242-release-1644-b01)
# Java VM: OpenJDK 64-Bit Server VM (25.242-b01 mixed mode windows-amd64 compressed oops)
Heap:
 PSYoungGen      total 513536K, used 403638K [0x00000000d5580000, 0x00000000fab80000, 0x0000000100000000)
  eden space 459776K, 81% used [0x00000000d5580000,0x00000000ec1c1a78,0x00000000f1680000)
  from space 53760K, 56% used [0x00000000f1680000,0x00000000f346bf30,0x00000000f4b00000)
  to   space 53760K, 0% used [0x00000000f7700000,0x00000000f7700000,0x00000000fab80000)
 ParOldGen       total 280576K, used 86911K [0x0000000080000000, 0x0000000091200000, 0x00000000d5580000)
  object space 280576K, 30% used [0x0000000080000000,0x00000000854dfe88,0x0000000091200000)
 Metaspace       used 126659K, capacity 132592K, committed 132824K, reserved 1165312K
  class space    used 16356K, capacity 17587K, committed 17624K, reserved 1048576K
GC Heap History (10 events):
Event: 215.581 GC heap before
{Heap before GC invocations=21 (full 4):
 PSYoungGen      total 403456K, used 364544K [0x00000000d5580000, 0x00000000f0f00000, 0x0000000100000000)
  eden space 364544K, 100% used [0x00000000d5580000,0x00000000eb980000,0x00000000eb980000)
  from space 38912K, 0% used [0x00000000edf80000,0x00000000edf80000,0x00000000f0580000)
  to   space 38912K, 0% used [0x00000000eb980000,0x00000000eb980000,0x00000000edf80000)
 ParOldGen       total 280576K, used 57068K [0x0000000080000000, 0x0000000091200000, 0x00000000d5580000)
  object space 280576K, 20% used [0x0000000080000000,0x00000000837bb0c0,0x0000000091200000)
 Metaspace       used 108314K, capacity 113166K, committed 114008K, reserved 1148928K
  class space    used 14300K, capacity 15298K, committed 15448K, reserved 1048576K
Event: 215.612 GC heap after
Heap after GC invocations=21 (full 4):
 PSYoungGen      total 403456K, used 37045K [0x00000000d5580000, 0x00000000f4380000, 0x0000000100000000)
  eden space 364544K, 0% used [0x00000000d5580000,0x00000000d5580000,0x00000000eb980000)
  from space 38912K, 95% used [0x00000000eb980000,0x00000000eddad660,0x00000000edf80000)
  to   space 44544K, 0% used [0x00000000f1800000,0x00000000f1800000,0x00000000f4380000)
 ParOldGen       total 280576K, used 57076K [0x0000000080000000, 0x0000000091200000, 0x00000000d5580000)
  object space 280576K, 20% used [0x0000000080000000,0x00000000837bd0c0,0x0000000091200000)
 Metaspace       used 108314K, capacity 113166K, committed 114008K, reserved 1148928K
  class space    used 14300K, capacity 15298K, committed 15448K, reserved 1048576K
}
Event: 218.743 GC heap before
{Heap before GC invocations=22 (full 4):
 PSYoungGen      total 403456K, used 401589K [0x00000000d5580000, 0x00000000f4380000, 0x0000000100000000)
  eden space 364544K, 100% used [0x00000000d5580000,0x00000000eb980000,0x00000000eb980000)
  from space 38912K, 95% used [0x00000000eb980000,0x00000000eddad660,0x00000000edf80000)
  to   space 44544K, 0% used [0x00000000f1800000,0x00000000f1800000,0x00000000f4380000)
 ParOldGen       total 280576K, used 57076K [0x0000000080000000, 0x0000000091200000, 0x00000000d5580000)
  object space 280576K, 20% used [0x0000000080000000,0x00000000837bd0c0,0x0000000091200000)
 Metaspace       used 109443K, capacity 114378K, committed 115160K, reserved 1148928K
  class space    used 14392K, capacity 15392K, committed 15576K, reserved 1048576K
Event: 218.768 GC heap after
Heap after GC invocations=22 (full 4):
 PSYoungGen      total 458240K, used 26754K [0x00000000d5580000, 0x00000000f4280000, 0x0000000100000000)
  eden space 414720K, 0% used [0x00000000d5580000,0x00000000d5580000,0x00000000eea80000)
  from space 43520K, 61% used [0x00000000f1800000,0x00000000f3220810,0x00000000f4280000)
  to   space 45056K, 0% used [0x00000000eea80000,0x00000000eea80000,0x00000000f1680000)
 ParOldGen       total 280576K, used 57084K [0x0000000080000000, 0x0000000091200000, 0x00000000d5580000)
  object space 280576K, 20% used [0x0000000080000000,0x00000000837bf0c0,0x0000000091200000)
 Metaspace       used 109443K, capacity 114378K, committed 115160K, reserved 1148928K
  class space    used 14392K, capacity 15392K, committed 15576K, reserved 1048576K
}
Event: 478.896 GC heap before
{Heap before GC invocations=23 (full 4):
 PSYoungGen      total 458240K, used 441474K [0x00000000d5580000, 0x00000000f4280000, 0x0000000100000000)
  eden space 414720K, 100% used [0x00000000d5580000,0x00000000eea80000,0x00000000eea80000)
  from space 43520K, 61% used [0x00000000f1800000,0x00000000f3220810,0x00000000f4280000)
  to   space 45056K, 0% used [0x00000000eea80000,0x00000000eea80000,0x00000000f1680000)
 ParOldGen       total 280576K, used 57084K [0x0000000080000000, 0x0000000091200000, 0x00000000d5580000)
  object space 280576K, 20% used [0x0000000080000000,0x00000000837bf0c0,0x0000000091200000)
 Metaspace       used 115849K, capacity 121184K, committed 121304K, reserved 1155072K
  class space    used 15090K, capacity 16239K, committed 16344K, reserved 1048576K
Event: 478.942 GC heap after
Heap after GC invocations=23 (full 4):
 PSYoungGen      total 459776K, used 45055K [0x00000000d5580000, 0x00000000f8680000, 0x0000000100000000)
  eden space 414720K, 0% used [0x00000000d5580000,0x00000000d5580000,0x00000000eea80000)
  from space 45056K, 99% used [0x00000000eea80000,0x00000000f167ffd8,0x00000000f1680000)
  to   space 56320K, 0% used [0x00000000f4f80000,0x00000000f4f80000,0x00000000f8680000)
 ParOldGen       total 280576K, used 68152K [0x0000000080000000, 0x0000000091200000, 0x00000000d5580000)
  object space 280576K, 24% used [0x0000000080000000,0x000000008428e020,0x0000000091200000)
 Metaspace       used 115849K, capacity 121184K, committed 121304K, reserved 1155072K
  class space    used 15090K, capacity 16239K, committed 16344K, reserved 1048576K
}
Event: 483.883 GC heap before
{Heap before GC invocations=24 (full 4):
 PSYoungGen      total 459776K, used 459775K [0x00000000d5580000, 0x00000000f8680000, 0x0000000100000000)
  eden space 414720K, 100% used [0x00000000d5580000,0x00000000eea80000,0x00000000eea80000)
  from space 45056K, 99% used [0x00000000eea80000,0x00000000f167ffd8,0x00000000f1680000)
  to   space 56320K, 0% used [0x00000000f4f80000,0x00000000f4f80000,0x00000000f8680000)
 ParOldGen       total 280576K, used 68152K [0x0000000080000000, 0x0000000091200000, 0x00000000d5580000)
  object space 280576K, 24% used [0x0000000080000000,0x000000008428e020,0x0000000091200000)
 Metaspace       used 124058K, capacity 129626K, committed 129880K, reserved 1161216K
  class space    used 16038K, capacity 17210K, committed 17240K, reserved 1048576K
Event: 483.913 GC heap after
Heap after GC invocations=24 (full 4):
 PSYoungGen      total 508928K, used 25542K [0x00000000d5580000, 0x00000000f7f80000, 0x0000000100000000)
  eden space 459776K, 0% used [0x00000000d5580000,0x00000000d5580000,0x00000000f1680000)
  from space 49152K, 51% used [0x00000000f4f80000,0x00000000f6871b10,0x00000000f7f80000)
  to   space 53760K, 0% used [0x00000000f1680000,0x00000000f1680000,0x00000000f4b00000)
 ParOldGen       total 280576K, used 86903K [0x0000000080000000, 0x0000000091200000, 0x00000000d5580000)
  object space 280576K, 30% used [0x0000000080000000,0x00000000854dde88,0x0000000091200000)
 Metaspace       used 124058K, capacity 129626K, committed 129880K, reserved 1161216K
  class space    used 16038K, capacity 17210K, committed 17240K, reserved 1048576K
}
Event: 489.862 GC heap before
{Heap before GC invocations=25 (full 4):
 PSYoungGen      total 508928K, used 485318K [0x00000000d5580000, 0x00000000f7f80000, 0x0000000100000000)
  eden space 459776K, 100% used [0x00000000d5580000,0x00000000f1680000,0x00000000f1680000)
  from space 49152K, 51% used [0x00000000f4f80000,0x00000000f6871b10,0x00000000f7f80000)
  to   space 53760K, 0% used [0x00000000f1680000,0x00000000f1680000,0x00000000f4b00000)
 ParOldGen       total 280576K, used 86903K [0x0000000080000000, 0x0000000091200000, 0x00000000d5580000)
  object space 280576K, 30% used [0x0000000080000000,0x00000000854dde88,0x0000000091200000)
 Metaspace       used 126530K, capacity 132420K, committed 132568K, reserved 1165312K
  class space    used 16345K, capacity 17579K, committed 17624K, reserved 1048576K
Event: 489.909 GC heap after
Heap after GC invocations=25 (full 4):
 PSYoungGen      total 513536K, used 30639K [0x00000000d5580000, 0x00000000fab80000, 0x0000000100000000)
  eden space 459776K, 0% used [0x00000000d5580000,0x00000000d5580000,0x00000000f1680000)
  from space 53760K, 56% used [0x00000000f1680000,0x00000000f346bf30,0x00000000f4b00000)
  to   space 53760K, 0% used [0x00000000f7700000,0x00000000f7700000,0x00000000fab80000)
 ParOldGen       total 280576K, used 86911K [0x0000000080000000, 0x0000000091200000, 0x00000000d5580000)
  object space 280576K, 30% used [0x0000000080000000,0x00000000854dfe88,0x0000000091200000)
 Metaspace       used 126530K, capacity 132420K, committed 132568K, reserved 1165312K
  class space    used 16345K, capacity 17579K, committed 17624K, reserved 1048576K
}

