# JRE version: OpenJDK Runtime Environment (8.0_242-b01) (build 1.8.0_242-release-1644-b01)
# Java VM: OpenJDK 64-Bit Server VM (25.242-b01 mixed mode windows-amd64 compressed oops)
Heap:
 PSYoungGen      total 128000K, used 19512K [0x00000000d5580000, 0x00000000dde80000, 0x0000000100000000)
  eden space 115712K, 16% used [0x00000000d5580000,0x00000000d688e080,0x00000000dc680000)
  from space 12288K, 0% used [0x00000000dc680000,0x00000000dc680000,0x00000000dd280000)
  to   space 10752K, 0% used [0x00000000dd400000,0x00000000dd400000,0x00000000dde80000)
 ParOldGen       total 128512K, used 14661K [0x0000000080000000, 0x0000000087d80000, 0x00000000d5580000)
  object space 128512K, 11% used [0x0000000080000000,0x0000000080e516c8,0x0000000087d80000)
 Metaspace       used 35099K, capacity 36302K, committed 36568K, reserved 1081344K
  class space    used 4827K, capacity 5100K, committed 5120K, reserved 1048576K
GC Heap History (10 events):
Event: 2.857 GC heap before
{Heap before GC invocations=5 (full 1):
 PSYoungGen      total 76288K, used 7494K [0x00000000d5580000, 0x00000000daa80000, 0x0000000100000000)
  eden space 65536K, 0% used [0x00000000d5580000,0x00000000d5580000,0x00000000d9580000)
  from space 10752K, 69% used [0x00000000da000000,0x00000000da7519f0,0x00000000daa80000)
  to   space 10752K, 0% used [0x00000000d9580000,0x00000000d9580000,0x00000000da000000)
 ParOldGen       total 175104K, used 1217K [0x0000000080000000, 0x000000008ab00000, 0x00000000d5580000)
  object space 175104K, 0% used [0x0000000080000000,0x00000000801305d0,0x000000008ab00000)
 Metaspace       used 20542K, capacity 21204K, committed 21248K, reserved 1067008K
  class space    used 2864K, capacity 3048K, committed 3072K, reserved 1048576K
Event: 2.881 GC heap after
Heap after GC invocations=5 (full 1):
 PSYoungGen      total 76288K, used 0K [0x00000000d5580000, 0x00000000daa80000, 0x0000000100000000)
  eden space 65536K, 0% used [0x00000000d5580000,0x00000000d5580000,0x00000000d9580000)
  from space 10752K, 0% used [0x00000000da000000,0x00000000da000000,0x00000000daa80000)
  to   space 10752K, 0% used [0x00000000d9580000,0x00000000d9580000,0x00000000da000000)
 ParOldGen       total 86528K, used 7264K [0x0000000080000000, 0x0000000085480000, 0x00000000d5580000)
  object space 86528K, 8% used [0x0000000080000000,0x0000000080718288,0x0000000085480000)
 Metaspace       used 20542K, capacity 21204K, committed 21248K, reserved 1067008K
  class space    used 2864K, capacity 3048K, committed 3072K, reserved 1048576K
}
Event: 3.364 GC heap before
{Heap before GC invocations=6 (full 1):
 PSYoungGen      total 76288K, used 65536K [0x00000000d5580000, 0x00000000daa80000, 0x0000000100000000)
  eden space 65536K, 100% used [0x00000000d5580000,0x00000000d9580000,0x00000000d9580000)
  from space 10752K, 0% used [0x00000000da000000,0x00000000da000000,0x00000000daa80000)
  to   space 10752K, 0% used [0x00000000d9580000,0x00000000d9580000,0x00000000da000000)
 ParOldGen       total 86528K, used 7264K [0x0000000080000000, 0x0000000085480000, 0x00000000d5580000)
  object space 86528K, 8% used [0x0000000080000000,0x0000000080718288,0x0000000085480000)
 Metaspace       used 28449K, capacity 29276K, committed 29568K, reserved 1075200K
  class space    used 3931K, capacity 4156K, committed 4224K, reserved 1048576K
Event: 3.368 GC heap after
Heap after GC invocations=6 (full 1):
 PSYoungGen      total 76288K, used 8216K [0x00000000d5580000, 0x00000000de000000, 0x0000000100000000)
  eden space 65536K, 0% used [0x00000000d5580000,0x00000000d5580000,0x00000000d9580000)
  from space 10752K, 76% used [0x00000000d9580000,0x00000000d9d86228,0x00000000da000000)
  to   space 12288K, 0% used [0x00000000dd400000,0x00000000dd400000,0x00000000de000000)
 ParOldGen       total 86528K, used 7272K [0x0000000080000000, 0x0000000085480000, 0x00000000d5580000)
  object space 86528K, 8% used [0x0000000080000000,0x000000008071a288,0x0000000085480000)
 Metaspace       used 28449K, capacity 29276K, committed 29568K, reserved 1075200K
  class space    used 3931K, capacity 4156K, committed 4224K, reserved 1048576K
}
Event: 3.778 GC heap before
{Heap before GC invocations=7 (full 1):
 PSYoungGen      total 76288K, used 73752K [0x00000000d5580000, 0x00000000de000000, 0x0000000100000000)
  eden space 65536K, 100% used [0x00000000d5580000,0x00000000d9580000,0x00000000d9580000)
  from space 10752K, 76% used [0x00000000d9580000,0x00000000d9d86228,0x00000000da000000)
  to   space 12288K, 0% used [0x00000000dd400000,0x00000000dd400000,0x00000000de000000)
 ParOldGen       total 86528K, used 7272K [0x0000000080000000, 0x0000000085480000, 0x00000000d5580000)
  object space 86528K, 8% used [0x0000000080000000,0x000000008071a288,0x0000000085480000)
 Metaspace       used 32758K, capacity 33808K, committed 34048K, reserved 1079296K
  class space    used 4471K, capacity 4754K, committed 4864K, reserved 1048576K
Event: 3.786 GC heap after
Heap after GC invocations=7 (full 1):
 PSYoungGen      total 126464K, used 9258K [0x00000000d5580000, 0x00000000dde80000, 0x0000000100000000)
  eden space 115712K, 0% used [0x00000000d5580000,0x00000000d5580000,0x00000000dc680000)
  from space 10752K, 86% used [0x00000000dd400000,0x00000000ddd0ab00,0x00000000dde80000)
  to   space 12288K, 0% used [0x00000000dc680000,0x00000000dc680000,0x00000000dd280000)
 ParOldGen       total 86528K, used 7280K [0x0000000080000000, 0x0000000085480000, 0x00000000d5580000)
  object space 86528K, 8% used [0x0000000080000000,0x000000008071c288,0x0000000085480000)
 Metaspace       used 32758K, capacity 33808K, committed 34048K, reserved 1079296K
  class space    used 4471K, capacity 4754K, committed 4864K, reserved 1048576K
}
Event: 4.008 GC heap before
{Heap before GC invocations=8 (full 1):
 PSYoungGen      total 126464K, used 38378K [0x00000000d5580000, 0x00000000dde80000, 0x0000000100000000)
  eden space 115712K, 25% used [0x00000000d5580000,0x00000000d71effd8,0x00000000dc680000)
  from space 10752K, 86% used [0x00000000dd400000,0x00000000ddd0ab00,0x00000000dde80000)
  to   space 12288K, 0% used [0x00000000dc680000,0x00000000dc680000,0x00000000dd280000)
 ParOldGen       total 86528K, used 7280K [0x0000000080000000, 0x0000000085480000, 0x00000000d5580000)
  object space 86528K, 8% used [0x0000000080000000,0x000000008071c288,0x0000000085480000)
 Metaspace       used 34198K, capacity 35392K, committed 35416K, reserved 1079296K
  class space    used 4701K, capacity 4973K, committed 4992K, reserved 1048576K
Event: 4.020 GC heap after
Heap after GC invocations=8 (full 1):
 PSYoungGen      total 128000K, used 8123K [0x00000000d5580000, 0x00000000dde80000, 0x0000000100000000)
  eden space 115712K, 0% used [0x00000000d5580000,0x00000000d5580000,0x00000000dc680000)
  from space 12288K, 66% used [0x00000000dc680000,0x00000000dce6ef18,0x00000000dd280000)
  to   space 10752K, 0% used [0x00000000dd400000,0x00000000dd400000,0x00000000dde80000)
 ParOldGen       total 86528K, used 7288K [0x0000000080000000, 0x0000000085480000, 0x00000000d5580000)
  object space 86528K, 8% used [0x0000000080000000,0x000000008071e288,0x0000000085480000)
 Metaspace       used 34198K, capacity 35392K, committed 35416K, reserved 1079296K
  class space    used 4701K, capacity 4973K, committed 4992K, reserved 1048576K
}
Event: 4.020 GC heap before
{Heap before GC invocations=9 (full 2):
 PSYoungGen      total 128000K, used 8123K [0x00000000d5580000, 0x00000000dde80000, 0x0000000100000000)
  eden space 115712K, 0% used [0x00000000d5580000,0x00000000d5580000,0x00000000dc680000)
  from space 12288K, 66% used [0x00000000dc680000,0x00000000dce6ef18,0x00000000dd280000)
  to   space 10752K, 0% used [0x00000000dd400000,0x00000000dd400000,0x00000000dde80000)
 ParOldGen       total 86528K, used 7288K [0x0000000080000000, 0x0000000085480000, 0x00000000d5580000)
  object space 86528K, 8% used [0x0000000080000000,0x000000008071e288,0x0000000085480000)
 Metaspace       used 34198K, capacity 35392K, committed 35416K, reserved 1079296K
  class space    used 4701K, capacity 4973K, committed 4992K, reserved 1048576K
Event: 4.072 GC heap after
Heap after GC invocations=9 (full 2):
 PSYoungGen      total 128000K, used 0K [0x00000000d5580000, 0x00000000dde80000, 0x0000000100000000)
  eden space 115712K, 0% used [0x00000000d5580000,0x00000000d5580000,0x00000000dc680000)
  from space 12288K, 0% used [0x00000000dc680000,0x00000000dc680000,0x00000000dd280000)
  to   space 10752K, 0% used [0x00000000dd400000,0x00000000dd400000,0x00000000dde80000)
 ParOldGen       total 128512K, used 14661K [0x0000000080000000, 0x0000000087d80000, 0x00000000d5580000)
  object space 128512K, 11% used [0x0000000080000000,0x0000000080e516c8,0x0000000087d80000)
 Metaspace       used 34198K, capacity 35392K, committed 35416K, reserved 1079296K
  class space    used 4701K, capacity 4973K, committed 4992K, reserved 1048576K
}

