# JRE version: OpenJDK Runtime Environment (8.0_242-b01) (build 1.8.0_242-release-1644-b01)
# Java VM: OpenJDK 64-Bit Server VM (25.242-b01 mixed mode windows-amd64 compressed oops)
Heap:
 PSYoungGen      total 141824K, used 19177K [0x00000000d5580000, 0x00000000dea80000, 0x0000000100000000)
  eden space 131072K, 6% used [0x00000000d5580000,0x00000000d5dc0e90,0x00000000dd580000)
  from space 10752K, 99% used [0x00000000dd580000,0x00000000ddff95d0,0x00000000de000000)
  to   space 10752K, 0% used [0x00000000de000000,0x00000000de000000,0x00000000dea80000)
 ParOldGen       total 88064K, used 10567K [0x0000000080000000, 0x0000000085600000, 0x00000000d5580000)
  object space 88064K, 11% used [0x0000000080000000,0x0000000080a51ce8,0x0000000085600000)
 Metaspace       used 32872K, capacity 33942K, committed 34304K, reserved 1079296K
  class space    used 4482K, capacity 4755K, committed 4864K, reserved 1048576K
GC Heap History (10 events):
Event: 2.119 GC heap before
{Heap before GC invocations=2 (full 0):
 PSYoungGen      total 76288K, used 71560K [0x00000000d5580000, 0x00000000daa80000, 0x0000000100000000)
  eden space 65536K, 100% used [0x00000000d5580000,0x00000000d9580000,0x00000000d9580000)
  from space 10752K, 56% used [0x00000000d9580000,0x00000000d9b623e0,0x00000000da000000)
  to   space 10752K, 0% used [0x00000000da000000,0x00000000da000000,0x00000000daa80000)
 ParOldGen       total 175104K, used 16K [0x0000000080000000, 0x000000008ab00000, 0x00000000d5580000)
  object space 175104K, 0% used [0x0000000080000000,0x0000000080004000,0x000000008ab00000)
 Metaspace       used 14248K, capacity 14728K, committed 14976K, reserved 1062912K
  class space    used 1958K, capacity 2118K, committed 2176K, reserved 1048576K
Event: 2.127 GC heap after
Heap after GC invocations=2 (full 0):
 PSYoungGen      total 76288K, used 9251K [0x00000000d5580000, 0x00000000daa80000, 0x0000000100000000)
  eden space 65536K, 0% used [0x00000000d5580000,0x00000000d5580000,0x00000000d9580000)
  from space 10752K, 86% used [0x00000000da000000,0x00000000da908d98,0x00000000daa80000)
  to   space 10752K, 0% used [0x00000000d9580000,0x00000000d9580000,0x00000000da000000)
 ParOldGen       total 175104K, used 24K [0x0000000080000000, 0x000000008ab00000, 0x00000000d5580000)
  object space 175104K, 0% used [0x0000000080000000,0x0000000080006000,0x000000008ab00000)
 Metaspace       used 14248K, capacity 14728K, committed 14976K, reserved 1062912K
  class space    used 1958K, capacity 2118K, committed 2176K, reserved 1048576K
}
Event: 2.660 GC heap before
{Heap before GC invocations=3 (full 0):
 PSYoungGen      total 76288K, used 74787K [0x00000000d5580000, 0x00000000daa80000, 0x0000000100000000)
  eden space 65536K, 100% used [0x00000000d5580000,0x00000000d9580000,0x00000000d9580000)
  from space 10752K, 86% used [0x00000000da000000,0x00000000da908d98,0x00000000daa80000)
  to   space 10752K, 0% used [0x00000000d9580000,0x00000000d9580000,0x00000000da000000)
 ParOldGen       total 175104K, used 24K [0x0000000080000000, 0x000000008ab00000, 0x00000000d5580000)
  object space 175104K, 0% used [0x0000000080000000,0x0000000080006000,0x000000008ab00000)
 Metaspace       used 20044K, capacity 20746K, committed 20992K, reserved 1067008K
  class space    used 2786K, capacity 2981K, committed 3072K, reserved 1048576K
Event: 2.671 GC heap after
Heap after GC invocations=3 (full 0):
 PSYoungGen      total 76288K, used 10742K [0x00000000d5580000, 0x00000000dea80000, 0x0000000100000000)
  eden space 65536K, 0% used [0x00000000d5580000,0x00000000d5580000,0x00000000d9580000)
  from space 10752K, 99% used [0x00000000d9580000,0x00000000d9ffd810,0x00000000da000000)
  to   space 10752K, 0% used [0x00000000de000000,0x00000000de000000,0x00000000dea80000)
 ParOldGen       total 175104K, used 1062K [0x0000000080000000, 0x000000008ab00000, 0x00000000d5580000)
  object space 175104K, 0% used [0x0000000080000000,0x0000000080109960,0x000000008ab00000)
 Metaspace       used 20044K, capacity 20746K, committed 20992K, reserved 1067008K
  class space    used 2786K, capacity 2981K, committed 3072K, reserved 1048576K
}
Event: 2.726 GC heap before
{Heap before GC invocations=4 (full 0):
 PSYoungGen      total 76288K, used 19107K [0x00000000d5580000, 0x00000000dea80000, 0x0000000100000000)
  eden space 65536K, 12% used [0x00000000d5580000,0x00000000d5dab798,0x00000000d9580000)
  from space 10752K, 99% used [0x00000000d9580000,0x00000000d9ffd810,0x00000000da000000)
  to   space 10752K, 0% used [0x00000000de000000,0x00000000de000000,0x00000000dea80000)
 ParOldGen       total 175104K, used 1062K [0x0000000080000000, 0x000000008ab00000, 0x00000000d5580000)
  object space 175104K, 0% used [0x0000000080000000,0x0000000080109960,0x000000008ab00000)
 Metaspace       used 20525K, capacity 21204K, committed 21248K, reserved 1067008K
  class space    used 2862K, capacity 3048K, committed 3072K, reserved 1048576K
Event: 2.735 GC heap after
Heap after GC invocations=4 (full 0):
 PSYoungGen      total 141824K, used 7546K [0x00000000d5580000, 0x00000000dea80000, 0x0000000100000000)
  eden space 131072K, 0% used [0x00000000d5580000,0x00000000d5580000,0x00000000dd580000)
  from space 10752K, 70% used [0x00000000de000000,0x00000000de75eb28,0x00000000dea80000)
  to   space 10752K, 0% used [0x00000000dd580000,0x00000000dd580000,0x00000000de000000)
 ParOldGen       total 175104K, used 1070K [0x0000000080000000, 0x000000008ab00000, 0x00000000d5580000)
  object space 175104K, 0% used [0x0000000080000000,0x000000008010b960,0x000000008ab00000)
 Metaspace       used 20525K, capacity 21204K, committed 21248K, reserved 1067008K
  class space    used 2862K, capacity 3048K, committed 3072K, reserved 1048576K
}
Event: 2.735 GC heap before
{Heap before GC invocations=5 (full 1):
 PSYoungGen      total 141824K, used 7546K [0x00000000d5580000, 0x00000000dea80000, 0x0000000100000000)
  eden space 131072K, 0% used [0x00000000d5580000,0x00000000d5580000,0x00000000dd580000)
  from space 10752K, 70% used [0x00000000de000000,0x00000000de75eb28,0x00000000dea80000)
  to   space 10752K, 0% used [0x00000000dd580000,0x00000000dd580000,0x00000000de000000)
 ParOldGen       total 175104K, used 1070K [0x0000000080000000, 0x000000008ab00000, 0x00000000d5580000)
  object space 175104K, 0% used [0x0000000080000000,0x000000008010b960,0x000000008ab00000)
 Metaspace       used 20525K, capacity 21204K, committed 21248K, reserved 1067008K
  class space    used 2862K, capacity 3048K, committed 3072K, reserved 1048576K
Event: 2.765 GC heap after
Heap after GC invocations=5 (full 1):
 PSYoungGen      total 141824K, used 0K [0x00000000d5580000, 0x00000000dea80000, 0x0000000100000000)
  eden space 131072K, 0% used [0x00000000d5580000,0x00000000d5580000,0x00000000dd580000)
  from space 10752K, 0% used [0x00000000de000000,0x00000000de000000,0x00000000dea80000)
  to   space 10752K, 0% used [0x00000000dd580000,0x00000000dd580000,0x00000000de000000)
 ParOldGen       total 88064K, used 7317K [0x0000000080000000, 0x0000000085600000, 0x00000000d5580000)
  object space 88064K, 8% used [0x0000000080000000,0x0000000080725608,0x0000000085600000)
 Metaspace       used 20525K, capacity 21204K, committed 21248K, reserved 1067008K
  class space    used 2862K, capacity 3048K, committed 3072K, reserved 1048576K
}
Event: 4.913 GC heap before
{Heap before GC invocations=6 (full 1):
 PSYoungGen      total 141824K, used 131072K [0x00000000d5580000, 0x00000000dea80000, 0x0000000100000000)
  eden space 131072K, 100% used [0x00000000d5580000,0x00000000dd580000,0x00000000dd580000)
  from space 10752K, 0% used [0x00000000de000000,0x00000000de000000,0x00000000dea80000)
  to   space 10752K, 0% used [0x00000000dd580000,0x00000000dd580000,0x00000000de000000)
 ParOldGen       total 88064K, used 7317K [0x0000000080000000, 0x0000000085600000, 0x00000000d5580000)
  object space 88064K, 8% used [0x0000000080000000,0x0000000080725608,0x0000000085600000)
 Metaspace       used 32668K, capacity 33782K, committed 33920K, reserved 1079296K
  class space    used 4445K, capacity 4723K, committed 4736K, reserved 1048576K
Event: 4.963 GC heap after
Heap after GC invocations=6 (full 1):
 PSYoungGen      total 141824K, used 10725K [0x00000000d5580000, 0x00000000dea80000, 0x0000000100000000)
  eden space 131072K, 0% used [0x00000000d5580000,0x00000000d5580000,0x00000000dd580000)
  from space 10752K, 99% used [0x00000000dd580000,0x00000000ddff95d0,0x00000000de000000)
  to   space 10752K, 0% used [0x00000000de000000,0x00000000de000000,0x00000000dea80000)
 ParOldGen       total 88064K, used 10567K [0x0000000080000000, 0x0000000085600000, 0x00000000d5580000)
  object space 88064K, 11% used [0x0000000080000000,0x0000000080a51ce8,0x0000000085600000)
 Metaspace       used 32668K, capacity 33782K, committed 33920K, reserved 1079296K
  class space    used 4445K, capacity 4723K, committed 4736K, reserved 1048576K
}

