# JRE version: OpenJDK Runtime Environment (8.0_242-b01) (build 1.8.0_242-release-1644-b01)
# Java VM: OpenJDK 64-Bit Server VM (25.242-b01 mixed mode windows-amd64 compressed oops)
Heap:
 PSYoungGen      total 470528K, used 419008K [0x00000000d5580000, 0x00000000f4700000, 0x0000000100000000)
  eden space 443904K, 88% used [0x00000000d5580000,0x00000000ed4b4470,0x00000000f0700000)
  from space 26624K, 99% used [0x00000000f2780000,0x00000000f417be48,0x00000000f4180000)
  to   space 32768K, 0% used [0x00000000f0700000,0x00000000f0700000,0x00000000f2700000)
 ParOldGen       total 192512K, used 45194K [0x0000000080000000, 0x000000008bc00000, 0x00000000d5580000)
  object space 192512K, 23% used [0x0000000080000000,0x0000000082c22b00,0x000000008bc00000)
 Metaspace       used 83236K, capacity 90562K, committed 90712K, reserved 1126400K
  class space    used 11914K, capacity 13333K, committed 13440K, reserved 1048576K
GC Heap History (10 events):
Event: 5.144 GC heap before
{Heap before GC invocations=9 (full 2):
 PSYoungGen      total 248320K, used 232448K [0x00000000d5580000, 0x00000000e5a80000, 0x0000000100000000)
  eden space 232448K, 100% used [0x00000000d5580000,0x00000000e3880000,0x00000000e3880000)
  from space 15872K, 0% used [0x00000000e4780000,0x00000000e4780000,0x00000000e5700000)
  to   space 15360K, 0% used [0x00000000e3880000,0x00000000e3880000,0x00000000e4780000)
 ParOldGen       total 128000K, used 14764K [0x0000000080000000, 0x0000000087d00000, 0x00000000d5580000)
  object space 128000K, 11% used [0x0000000080000000,0x0000000080e6b280,0x0000000087d00000)
 Metaspace       used 46209K, capacity 48148K, committed 48344K, reserved 1091584K
  class space    used 6254K, capacity 6648K, committed 6656K, reserved 1048576K
Event: 5.170 GC heap after
Heap after GC invocations=9 (full 2):
 PSYoungGen      total 247808K, used 15330K [0x00000000d5580000, 0x00000000ee300000, 0x0000000100000000)
  eden space 232448K, 0% used [0x00000000d5580000,0x00000000d5580000,0x00000000e3880000)
  from space 15360K, 99% used [0x00000000e3880000,0x00000000e4778850,0x00000000e4780000)
  to   space 18944K, 0% used [0x00000000ed080000,0x00000000ed080000,0x00000000ee300000)
 ParOldGen       total 128000K, used 17690K [0x0000000080000000, 0x0000000087d00000, 0x00000000d5580000)
  object space 128000K, 13% used [0x0000000080000000,0x0000000081146bf0,0x0000000087d00000)
 Metaspace       used 46209K, capacity 48148K, committed 48344K, reserved 1091584K
  class space    used 6254K, capacity 6648K, committed 6656K, reserved 1048576K
}
Event: 6.947 GC heap before
{Heap before GC invocations=10 (full 2):
 PSYoungGen      total 247808K, used 180195K [0x00000000d5580000, 0x00000000ee300000, 0x0000000100000000)
  eden space 232448K, 70% used [0x00000000d5580000,0x00000000df6806a8,0x00000000e3880000)
  from space 15360K, 99% used [0x00000000e3880000,0x00000000e4778850,0x00000000e4780000)
  to   space 18944K, 0% used [0x00000000ed080000,0x00000000ed080000,0x00000000ee300000)
 ParOldGen       total 128000K, used 17690K [0x0000000080000000, 0x0000000087d00000, 0x00000000d5580000)
  object space 128000K, 13% used [0x0000000080000000,0x0000000081146bf0,0x0000000087d00000)
 Metaspace       used 56353K, capacity 58838K, committed 58968K, reserved 1099776K
  class space    used 7701K, capacity 8194K, committed 8320K, reserved 1048576K
Event: 6.974 GC heap after
Heap after GC invocations=10 (full 2):
 PSYoungGen      total 380928K, used 18916K [0x00000000d5580000, 0x00000000ee800000, 0x0000000100000000)
  eden space 361984K, 0% used [0x00000000d5580000,0x00000000d5580000,0x00000000eb700000)
  from space 18944K, 99% used [0x00000000ed080000,0x00000000ee2f9310,0x00000000ee300000)
  to   space 25088K, 0% used [0x00000000eb700000,0x00000000eb700000,0x00000000ecf80000)
 ParOldGen       total 128000K, used 25653K [0x0000000080000000, 0x0000000087d00000, 0x00000000d5580000)
  object space 128000K, 20% used [0x0000000080000000,0x000000008190d478,0x0000000087d00000)
 Metaspace       used 56353K, capacity 58838K, committed 58968K, reserved 1099776K
  class space    used 7701K, capacity 8194K, committed 8320K, reserved 1048576K
}
Event: 6.974 GC heap before
{Heap before GC invocations=11 (full 3):
 PSYoungGen      total 380928K, used 18916K [0x00000000d5580000, 0x00000000ee800000, 0x0000000100000000)
  eden space 361984K, 0% used [0x00000000d5580000,0x00000000d5580000,0x00000000eb700000)
  from space 18944K, 99% used [0x00000000ed080000,0x00000000ee2f9310,0x00000000ee300000)
  to   space 25088K, 0% used [0x00000000eb700000,0x00000000eb700000,0x00000000ecf80000)
 ParOldGen       total 128000K, used 25653K [0x0000000080000000, 0x0000000087d00000, 0x00000000d5580000)
  object space 128000K, 20% used [0x0000000080000000,0x000000008190d478,0x0000000087d00000)
 Metaspace       used 56353K, capacity 58838K, committed 58968K, reserved 1099776K
  class space    used 7701K, capacity 8194K, committed 8320K, reserved 1048576K
Event: 7.149 GC heap after
Heap after GC invocations=11 (full 3):
 PSYoungGen      total 380928K, used 0K [0x00000000d5580000, 0x00000000ee800000, 0x0000000100000000)
  eden space 361984K, 0% used [0x00000000d5580000,0x00000000d5580000,0x00000000eb700000)
  from space 18944K, 0% used [0x00000000ed080000,0x00000000ed080000,0x00000000ee300000)
  to   space 25088K, 0% used [0x00000000eb700000,0x00000000eb700000,0x00000000ecf80000)
 ParOldGen       total 192512K, used 38945K [0x0000000080000000, 0x000000008bc00000, 0x00000000d5580000)
  object space 192512K, 20% used [0x0000000080000000,0x00000000826086f8,0x000000008bc00000)
 Metaspace       used 56279K, capacity 58586K, committed 58968K, reserved 1099776K
  class space    used 7678K, capacity 8152K, committed 8320K, reserved 1048576K
}
Event: 9.488 GC heap before
{Heap before GC invocations=12 (full 3):
 PSYoungGen      total 380928K, used 361984K [0x00000000d5580000, 0x00000000ee800000, 0x0000000100000000)
  eden space 361984K, 100% used [0x00000000d5580000,0x00000000eb700000,0x00000000eb700000)
  from space 18944K, 0% used [0x00000000ed080000,0x00000000ed080000,0x00000000ee300000)
  to   space 25088K, 0% used [0x00000000eb700000,0x00000000eb700000,0x00000000ecf80000)
 ParOldGen       total 192512K, used 38945K [0x0000000080000000, 0x000000008bc00000, 0x00000000d5580000)
  object space 192512K, 20% used [0x0000000080000000,0x00000000826086f8,0x000000008bc00000)
 Metaspace       used 64769K, capacity 68416K, committed 68568K, reserved 1107968K
  class space    used 8944K, capacity 9603K, committed 9728K, reserved 1048576K
Event: 9.511 GC heap after
Heap after GC invocations=12 (full 3):
 PSYoungGen      total 387072K, used 20482K [0x00000000d5580000, 0x00000000f4180000, 0x0000000100000000)
  eden space 361984K, 0% used [0x00000000d5580000,0x00000000d5580000,0x00000000eb700000)
  from space 25088K, 81% used [0x00000000eb700000,0x00000000ecb00910,0x00000000ecf80000)
  to   space 26624K, 0% used [0x00000000f2780000,0x00000000f2780000,0x00000000f4180000)
 ParOldGen       total 192512K, used 38953K [0x0000000080000000, 0x000000008bc00000, 0x00000000d5580000)
  object space 192512K, 20% used [0x0000000080000000,0x000000008260a6f8,0x000000008bc00000)
 Metaspace       used 64769K, capacity 68416K, committed 68568K, reserved 1107968K
  class space    used 8944K, capacity 9603K, committed 9728K, reserved 1048576K
}
Event: 12.718 GC heap before
{Heap before GC invocations=13 (full 3):
 PSYoungGen      total 387072K, used 382466K [0x00000000d5580000, 0x00000000f4180000, 0x0000000100000000)
  eden space 361984K, 100% used [0x00000000d5580000,0x00000000eb700000,0x00000000eb700000)
  from space 25088K, 81% used [0x00000000eb700000,0x00000000ecb00910,0x00000000ecf80000)
  to   space 26624K, 0% used [0x00000000f2780000,0x00000000f2780000,0x00000000f4180000)
 ParOldGen       total 192512K, used 38953K [0x0000000080000000, 0x000000008bc00000, 0x00000000d5580000)
  object space 192512K, 20% used [0x0000000080000000,0x000000008260a6f8,0x000000008bc00000)
 Metaspace       used 71980K, capacity 76024K, committed 76248K, reserved 1114112K
  class space    used 9906K, capacity 10632K, committed 10752K, reserved 1048576K
Event: 12.754 GC heap after
Heap after GC invocations=13 (full 3):
 PSYoungGen      total 470528K, used 26607K [0x00000000d5580000, 0x00000000f4700000, 0x0000000100000000)
  eden space 443904K, 0% used [0x00000000d5580000,0x00000000d5580000,0x00000000f0700000)
  from space 26624K, 99% used [0x00000000f2780000,0x00000000f417be48,0x00000000f4180000)
  to   space 32768K, 0% used [0x00000000f0700000,0x00000000f0700000,0x00000000f2700000)
 ParOldGen       total 192512K, used 45194K [0x0000000080000000, 0x000000008bc00000, 0x00000000d5580000)
  object space 192512K, 23% used [0x0000000080000000,0x0000000082c22b00,0x000000008bc00000)
 Metaspace       used 71980K, capacity 76024K, committed 76248K, reserved 1114112K
  class space    used 9906K, capacity 10632K, committed 10752K, reserved 1048576K
}

