# JRE version: OpenJDK Runtime Environment (8.0_242-b01) (build 1.8.0_242-release-1644-b01)
# Java VM: OpenJDK 64-Bit Server VM (25.242-b01 mixed mode windows-amd64 compressed oops)
Heap:
 PSYoungGen      total 358912K, used 92021K [0x00000000d5580000, 0x00000000ed280000, 0x0000000100000000)
  eden space 339968K, 27% used [0x00000000d5580000,0x00000000daf5d6b0,0x00000000ea180000)
  from space 18944K, 0% used [0x00000000ebe00000,0x00000000ebe00000,0x00000000ed080000)
  to   space 25088K, 0% used [0x00000000ea180000,0x00000000ea180000,0x00000000eba00000)
 ParOldGen       total 197632K, used 39212K [0x0000000080000000, 0x000000008c100000, 0x00000000d5580000)
  object space 197632K, 19% used [0x0000000080000000,0x000000008264b3d0,0x000000008c100000)
 Metaspace       used 62297K, capacity 65016K, committed 65240K, reserved 1105920K
  class space    used 8655K, capacity 9203K, committed 9216K, reserved 1048576K
GC Heap History (10 events):
Event: 3.744 GC heap before
{Heap before GC invocations=7 (full 1):
 PSYoungGen      total 141824K, used 44383K [0x00000000d5580000, 0x00000000e5600000, 0x0000000100000000)
  eden space 131072K, 25% used [0x00000000d5580000,0x00000000d7659ba8,0x00000000dd580000)
  from space 10752K, 99% used [0x00000000dd580000,0x00000000ddffe188,0x00000000de000000)
  to   space 15872K, 0% used [0x00000000e4680000,0x00000000e4680000,0x00000000e5600000)
 ParOldGen       total 88064K, used 10404K [0x0000000080000000, 0x0000000085600000, 0x00000000d5580000)
  object space 88064K, 11% used [0x0000000080000000,0x0000000080a29190,0x0000000085600000)
 Metaspace       used 34214K, capacity 35392K, committed 35416K, reserved 1079296K
  class space    used 4710K, capacity 4973K, committed 4992K, reserved 1048576K
Event: 3.760 GC heap after
Heap after GC invocations=7 (full 1):
 PSYoungGen      total 247296K, used 8215K [0x00000000d5580000, 0x00000000e5a80000, 0x0000000100000000)
  eden space 231424K, 0% used [0x00000000d5580000,0x00000000d5580000,0x00000000e3780000)
  from space 15872K, 51% used [0x00000000e4680000,0x00000000e4e85c28,0x00000000e5600000)
  to   space 15360K, 0% used [0x00000000e3780000,0x00000000e3780000,0x00000000e4680000)
 ParOldGen       total 88064K, used 10412K [0x0000000080000000, 0x0000000085600000, 0x00000000d5580000)
  object space 88064K, 11% used [0x0000000080000000,0x0000000080a2b190,0x0000000085600000)
 Metaspace       used 34214K, capacity 35392K, committed 35416K, reserved 1079296K
  class space    used 4710K, capacity 4973K, committed 4992K, reserved 1048576K
}
Event: 3.760 GC heap before
{Heap before GC invocations=8 (full 2):
 PSYoungGen      total 247296K, used 8215K [0x00000000d5580000, 0x00000000e5a80000, 0x0000000100000000)
  eden space 231424K, 0% used [0x00000000d5580000,0x00000000d5580000,0x00000000e3780000)
  from space 15872K, 51% used [0x00000000e4680000,0x00000000e4e85c28,0x00000000e5600000)
  to   space 15360K, 0% used [0x00000000e3780000,0x00000000e3780000,0x00000000e4680000)
 ParOldGen       total 88064K, used 10412K [0x0000000080000000, 0x0000000085600000, 0x00000000d5580000)
  object space 88064K, 11% used [0x0000000080000000,0x0000000080a2b190,0x0000000085600000)
 Metaspace       used 34214K, capacity 35392K, committed 35416K, reserved 1079296K
  class space    used 4710K, capacity 4973K, committed 4992K, reserved 1048576K
Event: 3.813 GC heap after
Heap after GC invocations=8 (full 2):
 PSYoungGen      total 247296K, used 0K [0x00000000d5580000, 0x00000000e5a80000, 0x0000000100000000)
  eden space 231424K, 0% used [0x00000000d5580000,0x00000000d5580000,0x00000000e3780000)
  from space 15872K, 0% used [0x00000000e4680000,0x00000000e4680000,0x00000000e5600000)
  to   space 15360K, 0% used [0x00000000e3780000,0x00000000e3780000,0x00000000e4680000)
 ParOldGen       total 132096K, used 14765K [0x0000000080000000, 0x0000000088100000, 0x00000000d5580000)
  object space 132096K, 11% used [0x0000000080000000,0x0000000080e6b7d8,0x0000000088100000)
 Metaspace       used 34214K, capacity 35392K, committed 35416K, reserved 1079296K
  class space    used 4710K, capacity 4973K, committed 4992K, reserved 1048576K
}
Event: 7.557 GC heap before
{Heap before GC invocations=9 (full 2):
 PSYoungGen      total 247296K, used 231424K [0x00000000d5580000, 0x00000000e5a80000, 0x0000000100000000)
  eden space 231424K, 100% used [0x00000000d5580000,0x00000000e3780000,0x00000000e3780000)
  from space 15872K, 0% used [0x00000000e4680000,0x00000000e4680000,0x00000000e5600000)
  to   space 15360K, 0% used [0x00000000e3780000,0x00000000e3780000,0x00000000e4680000)
 ParOldGen       total 132096K, used 14765K [0x0000000080000000, 0x0000000088100000, 0x00000000d5580000)
  object space 132096K, 11% used [0x0000000080000000,0x0000000080e6b7d8,0x0000000088100000)
 Metaspace       used 46096K, capacity 47950K, committed 48088K, reserved 1091584K
  class space    used 6233K, capacity 6599K, committed 6656K, reserved 1048576K
Event: 7.591 GC heap after
Heap after GC invocations=9 (full 2):
 PSYoungGen      total 246784K, used 15343K [0x00000000d5580000, 0x00000000ed080000, 0x0000000100000000)
  eden space 231424K, 0% used [0x00000000d5580000,0x00000000d5580000,0x00000000e3780000)
  from space 15360K, 99% used [0x00000000e3780000,0x00000000e467bcf8,0x00000000e4680000)
  to   space 18944K, 0% used [0x00000000ebe00000,0x00000000ebe00000,0x00000000ed080000)
 ParOldGen       total 132096K, used 17466K [0x0000000080000000, 0x0000000088100000, 0x00000000d5580000)
  object space 132096K, 13% used [0x0000000080000000,0x000000008110ebf0,0x0000000088100000)
 Metaspace       used 46096K, capacity 47950K, committed 48088K, reserved 1091584K
  class space    used 6233K, capacity 6599K, committed 6656K, reserved 1048576K
}
Event: 9.872 GC heap before
{Heap before GC invocations=10 (full 2):
 PSYoungGen      total 246784K, used 182467K [0x00000000d5580000, 0x00000000ed080000, 0x0000000100000000)
  eden space 231424K, 72% used [0x00000000d5580000,0x00000000df8b5078,0x00000000e3780000)
  from space 15360K, 99% used [0x00000000e3780000,0x00000000e467bcf8,0x00000000e4680000)
  to   space 18944K, 0% used [0x00000000ebe00000,0x00000000ebe00000,0x00000000ed080000)
 ParOldGen       total 132096K, used 17466K [0x0000000080000000, 0x0000000088100000, 0x00000000d5580000)
  object space 132096K, 13% used [0x0000000080000000,0x000000008110ebf0,0x0000000088100000)
 Metaspace       used 56485K, capacity 58854K, committed 58968K, reserved 1099776K
  class space    used 7725K, capacity 8212K, committed 8320K, reserved 1048576K
Event: 9.897 GC heap after
Heap after GC invocations=10 (full 2):
 PSYoungGen      total 358912K, used 18924K [0x00000000d5580000, 0x00000000ed280000, 0x0000000100000000)
  eden space 339968K, 0% used [0x00000000d5580000,0x00000000d5580000,0x00000000ea180000)
  from space 18944K, 99% used [0x00000000ebe00000,0x00000000ed07b310,0x00000000ed080000)
  to   space 25088K, 0% used [0x00000000ea180000,0x00000000ea180000,0x00000000eba00000)
 ParOldGen       total 132096K, used 25712K [0x0000000080000000, 0x0000000088100000, 0x00000000d5580000)
  object space 132096K, 19% used [0x0000000080000000,0x000000008191c198,0x0000000088100000)
 Metaspace       used 56485K, capacity 58854K, committed 58968K, reserved 1099776K
  class space    used 7725K, capacity 8212K, committed 8320K, reserved 1048576K
}
Event: 9.897 GC heap before
{Heap before GC invocations=11 (full 3):
 PSYoungGen      total 358912K, used 18924K [0x00000000d5580000, 0x00000000ed280000, 0x0000000100000000)
  eden space 339968K, 0% used [0x00000000d5580000,0x00000000d5580000,0x00000000ea180000)
  from space 18944K, 99% used [0x00000000ebe00000,0x00000000ed07b310,0x00000000ed080000)
  to   space 25088K, 0% used [0x00000000ea180000,0x00000000ea180000,0x00000000eba00000)
 ParOldGen       total 132096K, used 25712K [0x0000000080000000, 0x0000000088100000, 0x00000000d5580000)
  object space 132096K, 19% used [0x0000000080000000,0x000000008191c198,0x0000000088100000)
 Metaspace       used 56485K, capacity 58854K, committed 58968K, reserved 1099776K
  class space    used 7725K, capacity 8212K, committed 8320K, reserved 1048576K
Event: 10.104 GC heap after
Heap after GC invocations=11 (full 3):
 PSYoungGen      total 358912K, used 0K [0x00000000d5580000, 0x00000000ed280000, 0x0000000100000000)
  eden space 339968K, 0% used [0x00000000d5580000,0x00000000d5580000,0x00000000ea180000)
  from space 18944K, 0% used [0x00000000ebe00000,0x00000000ebe00000,0x00000000ed080000)
  to   space 25088K, 0% used [0x00000000ea180000,0x00000000ea180000,0x00000000eba00000)
 ParOldGen       total 197632K, used 39212K [0x0000000080000000, 0x000000008c100000, 0x00000000d5580000)
  object space 197632K, 19% used [0x0000000080000000,0x000000008264b3d0,0x000000008c100000)
 Metaspace       used 56436K, capacity 58686K, committed 58968K, reserved 1099776K
  class space    used 7709K, capacity 8184K, committed 8320K, reserved 1048576K
}

