# JRE version: OpenJDK Runtime Environment (8.0_242-b01) (build 1.8.0_242-release-1644-b01)
# Java VM: OpenJDK 64-Bit Server VM (25.242-b01 mixed mode windows-amd64 compressed oops)
Heap:
 PSYoungGen      total 609792K, used 422939K [0x00000000d5580000, 0x00000000ff480000, 0x0000000100000000)
  eden space 536576K, 77% used [0x00000000d5580000,0x00000000eea4ed28,0x00000000f6180000)
  from space 73216K, 11% used [0x00000000f6180000,0x00000000f69b8040,0x00000000fa900000)
  to   space 69120K, 0% used [0x00000000fb100000,0x00000000fb100000,0x00000000ff480000)
 ParOldGen       total 501760K, used 318089K [0x0000000080000000, 0x000000009ea00000, 0x00000000d5580000)
  object space 501760K, 63% used [0x0000000080000000,0x00000000936a2598,0x000000009ea00000)
 Metaspace       used 113855K, capacity 120036K, committed 120280K, reserved 1153024K
  class space    used 14779K, capacity 15995K, committed 16128K, reserved 1048576K
GC Heap History (10 events):
Event: 196.319 GC heap before
{Heap before GC invocations=59 (full 6):
 PSYoungGen      total 590848K, used 508900K [0x00000000d5580000, 0x00000000fef00000, 0x0000000100000000)
  eden space 497152K, 100% used [0x00000000d5580000,0x00000000f3b00000,0x00000000f3b00000)
  from space 93696K, 12% used [0x00000000f9380000,0x00000000f9ef9060,0x00000000fef00000)
  to   space 90624K, 0% used [0x00000000f3b00000,0x00000000f3b00000,0x00000000f9380000)
 ParOldGen       total 501760K, used 277819K [0x0000000080000000, 0x000000009ea00000, 0x00000000d5580000)
  object space 501760K, 55% used [0x0000000080000000,0x0000000090f4ee18,0x000000009ea00000)
 Metaspace       used 113839K, capacity 120032K, committed 120280K, reserved 1153024K
  class space    used 14779K, capacity 15995K, committed 16128K, reserved 1048576K
Event: 196.340 GC heap after
Heap after GC invocations=59 (full 6):
 PSYoungGen      total 587776K, used 17000K [0x00000000d5580000, 0x00000000ff200000, 0x0000000100000000)
  eden space 497152K, 0% used [0x00000000d5580000,0x00000000d5580000,0x00000000f3b00000)
  from space 90624K, 18% used [0x00000000f3b00000,0x00000000f4b9a3e0,0x00000000f9380000)
  to   space 84992K, 0% used [0x00000000f9f00000,0x00000000f9f00000,0x00000000ff200000)
 ParOldGen       total 501760K, used 286219K [0x0000000080000000, 0x000000009ea00000, 0x00000000d5580000)
  object space 501760K, 57% used [0x0000000080000000,0x0000000091782c50,0x000000009ea00000)
 Metaspace       used 113839K, capacity 120032K, committed 120280K, reserved 1153024K
  class space    used 14779K, capacity 15995K, committed 16128K, reserved 1048576K
}
Event: 196.613 GC heap before
{Heap before GC invocations=60 (full 6):
 PSYoungGen      total 587776K, used 514152K [0x00000000d5580000, 0x00000000ff200000, 0x0000000100000000)
  eden space 497152K, 100% used [0x00000000d5580000,0x00000000f3b00000,0x00000000f3b00000)
  from space 90624K, 18% used [0x00000000f3b00000,0x00000000f4b9a3e0,0x00000000f9380000)
  to   space 84992K, 0% used [0x00000000f9f00000,0x00000000f9f00000,0x00000000ff200000)
 ParOldGen       total 501760K, used 286219K [0x0000000080000000, 0x000000009ea00000, 0x00000000d5580000)
  object space 501760K, 57% used [0x0000000080000000,0x0000000091782c50,0x000000009ea00000)
 Metaspace       used 113839K, capacity 120032K, committed 120280K, reserved 1153024K
  class space    used 14779K, capacity 15995K, committed 16128K, reserved 1048576K
Event: 196.637 GC heap after
Heap after GC invocations=60 (full 6):
 PSYoungGen      total 603648K, used 8730K [0x00000000d5580000, 0x00000000ff280000, 0x0000000100000000)
  eden space 518656K, 0% used [0x00000000d5580000,0x00000000d5580000,0x00000000f5000000)
  from space 84992K, 10% used [0x00000000f9f00000,0x00000000fa786ae0,0x00000000ff200000)
  to   space 80896K, 0% used [0x00000000f5000000,0x00000000f5000000,0x00000000f9f00000)
 ParOldGen       total 501760K, used 299516K [0x0000000080000000, 0x000000009ea00000, 0x00000000d5580000)
  object space 501760K, 59% used [0x0000000080000000,0x000000009247f1f0,0x000000009ea00000)
 Metaspace       used 113839K, capacity 120032K, committed 120280K, reserved 1153024K
  class space    used 14779K, capacity 15995K, committed 16128K, reserved 1048576K
}
Event: 197.037 GC heap before
{Heap before GC invocations=61 (full 6):
 PSYoungGen      total 603648K, used 527386K [0x00000000d5580000, 0x00000000ff280000, 0x0000000100000000)
  eden space 518656K, 100% used [0x00000000d5580000,0x00000000f5000000,0x00000000f5000000)
  from space 84992K, 10% used [0x00000000f9f00000,0x00000000fa786ae0,0x00000000ff200000)
  to   space 80896K, 0% used [0x00000000f5000000,0x00000000f5000000,0x00000000f9f00000)
 ParOldGen       total 501760K, used 299516K [0x0000000080000000, 0x000000009ea00000, 0x00000000d5580000)
  object space 501760K, 59% used [0x0000000080000000,0x000000009247f1f0,0x000000009ea00000)
 Metaspace       used 113844K, capacity 120036K, committed 120280K, reserved 1153024K
  class space    used 14779K, capacity 15995K, committed 16128K, reserved 1048576K
Event: 197.055 GC heap after
Heap after GC invocations=61 (full 6):
 PSYoungGen      total 599552K, used 9099K [0x00000000d5580000, 0x00000000ff400000, 0x0000000100000000)
  eden space 518656K, 0% used [0x00000000d5580000,0x00000000d5580000,0x00000000f5000000)
  from space 80896K, 11% used [0x00000000f5000000,0x00000000f58e2fd8,0x00000000f9f00000)
  to   space 76800K, 0% used [0x00000000fa900000,0x00000000fa900000,0x00000000ff400000)
 ParOldGen       total 501760K, used 306889K [0x0000000080000000, 0x000000009ea00000, 0x00000000d5580000)
  object space 501760K, 61% used [0x0000000080000000,0x0000000092bb2550,0x000000009ea00000)
 Metaspace       used 113844K, capacity 120036K, committed 120280K, reserved 1153024K
  class space    used 14779K, capacity 15995K, committed 16128K, reserved 1048576K
}
Event: 197.727 GC heap before
{Heap before GC invocations=62 (full 6):
 PSYoungGen      total 599552K, used 527755K [0x00000000d5580000, 0x00000000ff400000, 0x0000000100000000)
  eden space 518656K, 100% used [0x00000000d5580000,0x00000000f5000000,0x00000000f5000000)
  from space 80896K, 11% used [0x00000000f5000000,0x00000000f58e2fd8,0x00000000f9f00000)
  to   space 76800K, 0% used [0x00000000fa900000,0x00000000fa900000,0x00000000ff400000)
 ParOldGen       total 501760K, used 306889K [0x0000000080000000, 0x000000009ea00000, 0x00000000d5580000)
  object space 501760K, 61% used [0x0000000080000000,0x0000000092bb2550,0x000000009ea00000)
 Metaspace       used 113851K, capacity 120036K, committed 120280K, reserved 1153024K
  class space    used 14779K, capacity 15995K, committed 16128K, reserved 1048576K
Event: 197.743 GC heap after
Heap after GC invocations=62 (full 6):
 PSYoungGen      total 613376K, used 7392K [0x00000000d5580000, 0x00000000ff500000, 0x0000000100000000)
  eden space 536576K, 0% used [0x00000000d5580000,0x00000000d5580000,0x00000000f6180000)
  from space 76800K, 9% used [0x00000000fa900000,0x00000000fb038000,0x00000000ff400000)
  to   space 73216K, 0% used [0x00000000f6180000,0x00000000f6180000,0x00000000fa900000)
 ParOldGen       total 501760K, used 312193K [0x0000000080000000, 0x000000009ea00000, 0x00000000d5580000)
  object space 501760K, 62% used [0x0000000080000000,0x00000000930e05f0,0x000000009ea00000)
 Metaspace       used 113851K, capacity 120036K, committed 120280K, reserved 1153024K
  class space    used 14779K, capacity 15995K, committed 16128K, reserved 1048576K
}
Event: 198.381 GC heap before
{Heap before GC invocations=63 (full 6):
 PSYoungGen      total 613376K, used 543968K [0x00000000d5580000, 0x00000000ff500000, 0x0000000100000000)
  eden space 536576K, 100% used [0x00000000d5580000,0x00000000f6180000,0x00000000f6180000)
  from space 76800K, 9% used [0x00000000fa900000,0x00000000fb038000,0x00000000ff400000)
  to   space 73216K, 0% used [0x00000000f6180000,0x00000000f6180000,0x00000000fa900000)
 ParOldGen       total 501760K, used 312193K [0x0000000080000000, 0x000000009ea00000, 0x00000000d5580000)
  object space 501760K, 62% used [0x0000000080000000,0x00000000930e05f0,0x000000009ea00000)
 Metaspace       used 113852K, capacity 120036K, committed 120280K, reserved 1153024K
  class space    used 14779K, capacity 15995K, committed 16128K, reserved 1048576K
Event: 198.401 GC heap after
Heap after GC invocations=63 (full 6):
 PSYoungGen      total 609792K, used 8416K [0x00000000d5580000, 0x00000000ff480000, 0x0000000100000000)
  eden space 536576K, 0% used [0x00000000d5580000,0x00000000d5580000,0x00000000f6180000)
  from space 73216K, 11% used [0x00000000f6180000,0x00000000f69b8040,0x00000000fa900000)
  to   space 69120K, 0% used [0x00000000fb100000,0x00000000fb100000,0x00000000ff480000)
 ParOldGen       total 501760K, used 318089K [0x0000000080000000, 0x000000009ea00000, 0x00000000d5580000)
  object space 501760K, 63% used [0x0000000080000000,0x00000000936a2598,0x000000009ea00000)
 Metaspace       used 113852K, capacity 120036K, committed 120280K, reserved 1153024K
  class space    used 14779K, capacity 15995K, committed 16128K, reserved 1048576K
}

