# JRE version: OpenJDK Runtime Environment (8.0_242-b01) (build 1.8.0_242-release-1644-b01)
# Java VM: OpenJDK 64-Bit Server VM (25.242-b01 mixed mode windows-amd64 compressed oops)
Heap:
 PSYoungGen      total 381952K, used 54302K [0x00000000d5580000, 0x00000000f3380000, 0x0000000100000000)
  eden space 356864K, 9% used [0x00000000d5580000,0x00000000d76b1420,0x00000000eb200000)
  from space 25088K, 80% used [0x00000000eb200000,0x00000000ec5d64d8,0x00000000eca80000)
  to   space 26624K, 0% used [0x00000000f1980000,0x00000000f1980000,0x00000000f3380000)
 ParOldGen       total 194560K, used 39106K [0x0000000080000000, 0x000000008be00000, 0x00000000d5580000)
  object space 194560K, 20% used [0x0000000080000000,0x00000000826308a0,0x000000008be00000)
 Metaspace       used 64724K, capacity 68308K, committed 68440K, reserved 1107968K
  class space    used 8932K, capacity 9577K, committed 9600K, reserved 1048576K
GC Heap History (10 events):
Event: 3.442 GC heap before
{Heap before GC invocations=8 (full 2):
 PSYoungGen      total 251904K, used 8233K [0x00000000d5580000, 0x00000000e5c00000, 0x0000000100000000)
  eden space 236032K, 0% used [0x00000000d5580000,0x00000000d5580000,0x00000000e3c00000)
  from space 15872K, 51% used [0x00000000e4b00000,0x00000000e530a7d8,0x00000000e5a80000)
  to   space 15360K, 0% used [0x00000000e3c00000,0x00000000e3c00000,0x00000000e4b00000)
 ParOldGen       total 86016K, used 10481K [0x0000000080000000, 0x0000000085400000, 0x00000000d5580000)
  object space 86016K, 12% used [0x0000000080000000,0x0000000080a3c6e0,0x0000000085400000)
 Metaspace       used 34214K, capacity 35392K, committed 35416K, reserved 1079296K
  class space    used 4709K, capacity 4973K, committed 4992K, reserved 1048576K
Event: 3.485 GC heap after
Heap after GC invocations=8 (full 2):
 PSYoungGen      total 251904K, used 0K [0x00000000d5580000, 0x00000000e5c00000, 0x0000000100000000)
  eden space 236032K, 0% used [0x00000000d5580000,0x00000000d5580000,0x00000000e3c00000)
  from space 15872K, 0% used [0x00000000e4b00000,0x00000000e4b00000,0x00000000e5a80000)
  to   space 15360K, 0% used [0x00000000e3c00000,0x00000000e3c00000,0x00000000e4b00000)
 ParOldGen       total 128000K, used 14750K [0x0000000080000000, 0x0000000087d00000, 0x00000000d5580000)
  object space 128000K, 11% used [0x0000000080000000,0x0000000080e67bb0,0x0000000087d00000)
 Metaspace       used 34214K, capacity 35392K, committed 35416K, reserved 1079296K
  class space    used 4709K, capacity 4973K, committed 4992K, reserved 1048576K
}
Event: 4.737 GC heap before
{Heap before GC invocations=9 (full 2):
 PSYoungGen      total 251904K, used 236032K [0x00000000d5580000, 0x00000000e5c00000, 0x0000000100000000)
  eden space 236032K, 100% used [0x00000000d5580000,0x00000000e3c00000,0x00000000e3c00000)
  from space 15872K, 0% used [0x00000000e4b00000,0x00000000e4b00000,0x00000000e5a80000)
  to   space 15360K, 0% used [0x00000000e3c00000,0x00000000e3c00000,0x00000000e4b00000)
 ParOldGen       total 128000K, used 14750K [0x0000000080000000, 0x0000000087d00000, 0x00000000d5580000)
  object space 128000K, 11% used [0x0000000080000000,0x0000000080e67bb0,0x0000000087d00000)
 Metaspace       used 46237K, capacity 48130K, committed 48344K, reserved 1091584K
  class space    used 6251K, capacity 6633K, committed 6656K, reserved 1048576K
Event: 4.755 GC heap after
Heap after GC invocations=9 (full 2):
 PSYoungGen      total 251392K, used 15356K [0x00000000d5580000, 0x00000000ede00000, 0x0000000100000000)
  eden space 236032K, 0% used [0x00000000d5580000,0x00000000d5580000,0x00000000e3c00000)
  from space 15360K, 99% used [0x00000000e3c00000,0x00000000e4aff268,0x00000000e4b00000)
  to   space 18944K, 0% used [0x00000000ecb80000,0x00000000ecb80000,0x00000000ede00000)
 ParOldGen       total 128000K, used 17675K [0x0000000080000000, 0x0000000087d00000, 0x00000000d5580000)
  object space 128000K, 13% used [0x0000000080000000,0x0000000081142e20,0x0000000087d00000)
 Metaspace       used 46237K, capacity 48130K, committed 48344K, reserved 1091584K
  class space    used 6251K, capacity 6633K, committed 6656K, reserved 1048576K
}
Event: 5.889 GC heap before
{Heap before GC invocations=10 (full 2):
 PSYoungGen      total 251392K, used 173691K [0x00000000d5580000, 0x00000000ede00000, 0x0000000100000000)
  eden space 236032K, 67% used [0x00000000d5580000,0x00000000df01fb10,0x00000000e3c00000)
  from space 15360K, 99% used [0x00000000e3c00000,0x00000000e4aff268,0x00000000e4b00000)
  to   space 18944K, 0% used [0x00000000ecb80000,0x00000000ecb80000,0x00000000ede00000)
 ParOldGen       total 128000K, used 17675K [0x0000000080000000, 0x0000000087d00000, 0x00000000d5580000)
  object space 128000K, 13% used [0x0000000080000000,0x0000000081142e20,0x0000000087d00000)
 Metaspace       used 56465K, capacity 58854K, committed 58968K, reserved 1099776K
  class space    used 7725K, capacity 8212K, committed 8320K, reserved 1048576K
Event: 5.908 GC heap after
Heap after GC invocations=10 (full 2):
 PSYoungGen      total 375808K, used 18924K [0x00000000d5580000, 0x00000000ee300000, 0x0000000100000000)
  eden space 356864K, 0% used [0x00000000d5580000,0x00000000d5580000,0x00000000eb200000)
  from space 18944K, 99% used [0x00000000ecb80000,0x00000000eddfb310,0x00000000ede00000)
  to   space 25088K, 0% used [0x00000000eb200000,0x00000000eb200000,0x00000000eca80000)
 ParOldGen       total 128000K, used 25784K [0x0000000080000000, 0x0000000087d00000, 0x00000000d5580000)
  object space 128000K, 20% used [0x0000000080000000,0x000000008192e0d0,0x0000000087d00000)
 Metaspace       used 56465K, capacity 58854K, committed 58968K, reserved 1099776K
  class space    used 7725K, capacity 8212K, committed 8320K, reserved 1048576K
}
Event: 5.908 GC heap before
{Heap before GC invocations=11 (full 3):
 PSYoungGen      total 375808K, used 18924K [0x00000000d5580000, 0x00000000ee300000, 0x0000000100000000)
  eden space 356864K, 0% used [0x00000000d5580000,0x00000000d5580000,0x00000000eb200000)
  from space 18944K, 99% used [0x00000000ecb80000,0x00000000eddfb310,0x00000000ede00000)
  to   space 25088K, 0% used [0x00000000eb200000,0x00000000eb200000,0x00000000eca80000)
 ParOldGen       total 128000K, used 25784K [0x0000000080000000, 0x0000000087d00000, 0x00000000d5580000)
  object space 128000K, 20% used [0x0000000080000000,0x000000008192e0d0,0x0000000087d00000)
 Metaspace       used 56465K, capacity 58854K, committed 58968K, reserved 1099776K
  class space    used 7725K, capacity 8212K, committed 8320K, reserved 1048576K
Event: 6.066 GC heap after
Heap after GC invocations=11 (full 3):
 PSYoungGen      total 375808K, used 0K [0x00000000d5580000, 0x00000000ee300000, 0x0000000100000000)
  eden space 356864K, 0% used [0x00000000d5580000,0x00000000d5580000,0x00000000eb200000)
  from space 18944K, 0% used [0x00000000ecb80000,0x00000000ecb80000,0x00000000ede00000)
  to   space 25088K, 0% used [0x00000000eb200000,0x00000000eb200000,0x00000000eca80000)
 ParOldGen       total 194560K, used 39098K [0x0000000080000000, 0x000000008be00000, 0x00000000d5580000)
  object space 194560K, 20% used [0x0000000080000000,0x000000008262e8a0,0x000000008be00000)
 Metaspace       used 56416K, capacity 58692K, committed 58968K, reserved 1099776K
  class space    used 7710K, capacity 8185K, committed 8320K, reserved 1048576K
}
Event: 8.428 GC heap before
{Heap before GC invocations=12 (full 3):
 PSYoungGen      total 375808K, used 356864K [0x00000000d5580000, 0x00000000ee300000, 0x0000000100000000)
  eden space 356864K, 100% used [0x00000000d5580000,0x00000000eb200000,0x00000000eb200000)
  from space 18944K, 0% used [0x00000000ecb80000,0x00000000ecb80000,0x00000000ede00000)
  to   space 25088K, 0% used [0x00000000eb200000,0x00000000eb200000,0x00000000eca80000)
 ParOldGen       total 194560K, used 39098K [0x0000000080000000, 0x000000008be00000, 0x00000000d5580000)
  object space 194560K, 20% used [0x0000000080000000,0x000000008262e8a0,0x000000008be00000)
 Metaspace       used 64724K, capacity 68308K, committed 68440K, reserved 1107968K
  class space    used 8932K, capacity 9577K, committed 9600K, reserved 1048576K
Event: 8.446 GC heap after
Heap after GC invocations=12 (full 3):
 PSYoungGen      total 381952K, used 20313K [0x00000000d5580000, 0x00000000f3380000, 0x0000000100000000)
  eden space 356864K, 0% used [0x00000000d5580000,0x00000000d5580000,0x00000000eb200000)
  from space 25088K, 80% used [0x00000000eb200000,0x00000000ec5d64d8,0x00000000eca80000)
  to   space 26624K, 0% used [0x00000000f1980000,0x00000000f1980000,0x00000000f3380000)
 ParOldGen       total 194560K, used 39106K [0x0000000080000000, 0x000000008be00000, 0x00000000d5580000)
  object space 194560K, 20% used [0x0000000080000000,0x00000000826308a0,0x000000008be00000)
 Metaspace       used 64724K, capacity 68308K, committed 68440K, reserved 1107968K
  class space    used 8932K, capacity 9577K, committed 9600K, reserved 1048576K
}

