# JRE version: OpenJDK Runtime Environment (8.0_242-b01) (build 1.8.0_242-release-1644-b01)
# Java VM: OpenJDK 64-Bit Server VM (25.242-b01 mixed mode windows-amd64 compressed oops)
Heap:
 PSYoungGen      total 244224K, used 139577K [0x00000000d5580000, 0x00000000e5600000, 0x0000000100000000)
  eden space 228864K, 54% used [0x00000000d5580000,0x00000000dced19d8,0x00000000e3500000)
  from space 15360K, 99% used [0x00000000e3500000,0x00000000e43fcb18,0x00000000e4400000)
  to   space 15872K, 0% used [0x00000000e4400000,0x00000000e4400000,0x00000000e5380000)
 ParOldGen       total 129024K, used 17294K [0x0000000080000000, 0x0000000087e00000, 0x00000000d5580000)
  object space 129024K, 13% used [0x0000000080000000,0x00000000810e3b98,0x0000000087e00000)
 Metaspace       used 55544K, capacity 57960K, committed 58200K, reserved 1099776K
  class space    used 7568K, capacity 8047K, committed 8064K, reserved 1048576K
GC Heap History (10 events):
Event: 2.595 GC heap before
{Heap before GC invocations=5 (full 1):
 PSYoungGen      total 141824K, used 7572K [0x00000000d5580000, 0x00000000dea80000, 0x0000000100000000)
  eden space 131072K, 0% used [0x00000000d5580000,0x00000000d5580000,0x00000000dd580000)
  from space 10752K, 70% used [0x00000000de000000,0x00000000de765020,0x00000000dea80000)
  to   space 10752K, 0% used [0x00000000dd580000,0x00000000dd580000,0x00000000de000000)
 ParOldGen       total 175104K, used 1115K [0x0000000080000000, 0x000000008ab00000, 0x00000000d5580000)
  object space 175104K, 0% used [0x0000000080000000,0x0000000080116fa8,0x000000008ab00000)
 Metaspace       used 20517K, capacity 21204K, committed 21248K, reserved 1067008K
  class space    used 2863K, capacity 3048K, committed 3072K, reserved 1048576K
Event: 2.616 GC heap after
Heap after GC invocations=5 (full 1):
 PSYoungGen      total 141824K, used 0K [0x00000000d5580000, 0x00000000dea80000, 0x0000000100000000)
  eden space 131072K, 0% used [0x00000000d5580000,0x00000000d5580000,0x00000000dd580000)
  from space 10752K, 0% used [0x00000000de000000,0x00000000de000000,0x00000000dea80000)
  to   space 10752K, 0% used [0x00000000dd580000,0x00000000dd580000,0x00000000de000000)
 ParOldGen       total 89600K, used 7314K [0x0000000080000000, 0x0000000085780000, 0x00000000d5580000)
  object space 89600K, 8% used [0x0000000080000000,0x0000000080724bd8,0x0000000085780000)
 Metaspace       used 20517K, capacity 21204K, committed 21248K, reserved 1067008K
  class space    used 2863K, capacity 3048K, committed 3072K, reserved 1048576K
}
Event: 3.645 GC heap before
{Heap before GC invocations=6 (full 1):
 PSYoungGen      total 141824K, used 131072K [0x00000000d5580000, 0x00000000dea80000, 0x0000000100000000)
  eden space 131072K, 100% used [0x00000000d5580000,0x00000000dd580000,0x00000000dd580000)
  from space 10752K, 0% used [0x00000000de000000,0x00000000de000000,0x00000000dea80000)
  to   space 10752K, 0% used [0x00000000dd580000,0x00000000dd580000,0x00000000de000000)
 ParOldGen       total 89600K, used 7314K [0x0000000080000000, 0x0000000085780000, 0x00000000d5580000)
  object space 89600K, 8% used [0x0000000080000000,0x0000000080724bd8,0x0000000085780000)
 Metaspace       used 32661K, capacity 33776K, committed 33920K, reserved 1079296K
  class space    used 4454K, capacity 4722K, committed 4736K, reserved 1048576K
Event: 3.657 GC heap after
Heap after GC invocations=6 (full 1):
 PSYoungGen      total 141824K, used 10745K [0x00000000d5580000, 0x00000000e5380000, 0x0000000100000000)
  eden space 131072K, 0% used [0x00000000d5580000,0x00000000d5580000,0x00000000dd580000)
  from space 10752K, 99% used [0x00000000dd580000,0x00000000ddffe540,0x00000000de000000)
  to   space 15872K, 0% used [0x00000000e4400000,0x00000000e4400000,0x00000000e5380000)
 ParOldGen       total 89600K, used 10578K [0x0000000080000000, 0x0000000085780000, 0x00000000d5580000)
  object space 89600K, 11% used [0x0000000080000000,0x0000000080a54a70,0x0000000085780000)
 Metaspace       used 32661K, capacity 33776K, committed 33920K, reserved 1079296K
  class space    used 4454K, capacity 4722K, committed 4736K, reserved 1048576K
}
Event: 3.898 GC heap before
{Heap before GC invocations=7 (full 1):
 PSYoungGen      total 141824K, used 42551K [0x00000000d5580000, 0x00000000e5380000, 0x0000000100000000)
  eden space 131072K, 24% used [0x00000000d5580000,0x00000000d748f9f8,0x00000000dd580000)
  from space 10752K, 99% used [0x00000000dd580000,0x00000000ddffe540,0x00000000de000000)
  to   space 15872K, 0% used [0x00000000e4400000,0x00000000e4400000,0x00000000e5380000)
 ParOldGen       total 89600K, used 10578K [0x0000000080000000, 0x0000000085780000, 0x00000000d5580000)
  object space 89600K, 11% used [0x0000000080000000,0x0000000080a54a70,0x0000000085780000)
 Metaspace       used 34220K, capacity 35392K, committed 35416K, reserved 1079296K
  class space    used 4710K, capacity 4973K, committed 4992K, reserved 1048576K
Event: 3.907 GC heap after
Heap after GC invocations=7 (full 1):
 PSYoungGen      total 244736K, used 8179K [0x00000000d5580000, 0x00000000e5600000, 0x0000000100000000)
  eden space 228864K, 0% used [0x00000000d5580000,0x00000000d5580000,0x00000000e3500000)
  from space 15872K, 51% used [0x00000000e4400000,0x00000000e4bfcd80,0x00000000e5380000)
  to   space 15360K, 0% used [0x00000000e3500000,0x00000000e3500000,0x00000000e4400000)
 ParOldGen       total 89600K, used 10586K [0x0000000080000000, 0x0000000085780000, 0x00000000d5580000)
  object space 89600K, 11% used [0x0000000080000000,0x0000000080a56a70,0x0000000085780000)
 Metaspace       used 34220K, capacity 35392K, committed 35416K, reserved 1079296K
  class space    used 4710K, capacity 4973K, committed 4992K, reserved 1048576K
}
Event: 3.907 GC heap before
{Heap before GC invocations=8 (full 2):
 PSYoungGen      total 244736K, used 8179K [0x00000000d5580000, 0x00000000e5600000, 0x0000000100000000)
  eden space 228864K, 0% used [0x00000000d5580000,0x00000000d5580000,0x00000000e3500000)
  from space 15872K, 51% used [0x00000000e4400000,0x00000000e4bfcd80,0x00000000e5380000)
  to   space 15360K, 0% used [0x00000000e3500000,0x00000000e3500000,0x00000000e4400000)
 ParOldGen       total 89600K, used 10586K [0x0000000080000000, 0x0000000085780000, 0x00000000d5580000)
  object space 89600K, 11% used [0x0000000080000000,0x0000000080a56a70,0x0000000085780000)
 Metaspace       used 34220K, capacity 35392K, committed 35416K, reserved 1079296K
  class space    used 4710K, capacity 4973K, committed 4992K, reserved 1048576K
Event: 3.936 GC heap after
Heap after GC invocations=8 (full 2):
 PSYoungGen      total 244736K, used 0K [0x00000000d5580000, 0x00000000e5600000, 0x0000000100000000)
  eden space 228864K, 0% used [0x00000000d5580000,0x00000000d5580000,0x00000000e3500000)
  from space 15872K, 0% used [0x00000000e4400000,0x00000000e4400000,0x00000000e5380000)
  to   space 15360K, 0% used [0x00000000e3500000,0x00000000e3500000,0x00000000e4400000)
 ParOldGen       total 129024K, used 14770K [0x0000000080000000, 0x0000000087e00000, 0x00000000d5580000)
  object space 129024K, 11% used [0x0000000080000000,0x0000000080e6c880,0x0000000087e00000)
 Metaspace       used 34220K, capacity 35392K, committed 35416K, reserved 1079296K
  class space    used 4710K, capacity 4973K, committed 4992K, reserved 1048576K
}
Event: 5.297 GC heap before
{Heap before GC invocations=9 (full 2):
 PSYoungGen      total 244736K, used 228864K [0x00000000d5580000, 0x00000000e5600000, 0x0000000100000000)
  eden space 228864K, 100% used [0x00000000d5580000,0x00000000e3500000,0x00000000e3500000)
  from space 15872K, 0% used [0x00000000e4400000,0x00000000e4400000,0x00000000e5380000)
  to   space 15360K, 0% used [0x00000000e3500000,0x00000000e3500000,0x00000000e4400000)
 ParOldGen       total 129024K, used 14770K [0x0000000080000000, 0x0000000087e00000, 0x00000000d5580000)
  object space 129024K, 11% used [0x0000000080000000,0x0000000080e6c880,0x0000000087e00000)
 Metaspace       used 45995K, capacity 48028K, committed 48344K, reserved 1091584K
  class space    used 6224K, capacity 6610K, committed 6656K, reserved 1048576K
Event: 5.312 GC heap after
Heap after GC invocations=9 (full 2):
 PSYoungGen      total 244224K, used 15346K [0x00000000d5580000, 0x00000000e5600000, 0x0000000100000000)
  eden space 228864K, 0% used [0x00000000d5580000,0x00000000d5580000,0x00000000e3500000)
  from space 15360K, 99% used [0x00000000e3500000,0x00000000e43fcb18,0x00000000e4400000)
  to   space 15872K, 0% used [0x00000000e4400000,0x00000000e4400000,0x00000000e5380000)
 ParOldGen       total 129024K, used 17294K [0x0000000080000000, 0x0000000087e00000, 0x00000000d5580000)
  object space 129024K, 13% used [0x0000000080000000,0x00000000810e3b98,0x0000000087e00000)
 Metaspace       used 45995K, capacity 48028K, committed 48344K, reserved 1091584K
  class space    used 6224K, capacity 6610K, committed 6656K, reserved 1048576K
}

